<?xml version="1.0" encoding="UTF-8"?>
<testsuite name="com.sondreweb.gymind.ExampleUnitTest" tests="1" skipped="0" failures="0" errors="0" timestamp="2021-10-30T18:02:02" hostname="DESKTOP-1A54Q33" time="0.002">
  <properties/>
  <testcase name="addition_isCorrect" classname="com.sondreweb.gymind.ExampleUnitTest" time="0.002"/>
  <system-out><![CDATA[]]></system-out>
  <system-err><![CDATA[]]></system-err>
</testsuite>
